<?xml version="1.0" encoding="UTF-8"?>
<testsuite name="project.arch.BestPracticesTest" time="0.051" tests="4" errors="0" skipped="0" failures="1">
  <properties>
    <property name="java.runtime.name" value="OpenJDK Runtime Environment"/>
    <property name="java.vm.version" value="17.0.1+1"/>
    <property name="sun.boot.library.path" value="/usr/local/Cellar/openjdk/17.0.1_1/libexec/openjdk.jdk/Contents/Home/lib"/>
    <property name="maven.multiModuleProjectDirectory" value="/Users/robertoscarpati/desktop/Progetto-OOBD-2021-2022"/>
    <property name="java.vm.vendor" value="Homebrew"/>
    <property name="java.vendor.url" value="https://github.com/Homebrew/homebrew-core/issues"/>
    <property name="guice.disable.misplaced.annotation.check" value="true"/>
    <property name="path.separator" value=":"/>
    <property name="java.vm.name" value="OpenJDK 64-Bit Server VM"/>
    <property name="user.country" value="IT"/>
    <property name="sun.java.launcher" value="SUN_STANDARD"/>
    <property name="java.vm.specification.name" value="Java Virtual Machine Specification"/>
    <property name="user.dir" value="/Users/robertoscarpati/Desktop/Progetto-OOBD-2021-2022"/>
    <property name="java.vm.compressedOopsMode" value="Zero based"/>
    <property name="java.runtime.version" value="17.0.1+1"/>
    <property name="os.arch" value="x86_64"/>
    <property name="java.io.tmpdir" value="/var/folders/2v/6t40zkvd7xz4kc8dq48m2wx80000gn/T/"/>
    <property name="line.separator" value="&#10;"/>
    <property name="java.vm.specification.vendor" value="Oracle Corporation"/>
    <property name="os.name" value="Mac OS X"/>
    <property name="classworlds.conf" value="/usr/local/Cellar/maven/3.8.4/libexec/bin/m2.conf"/>
    <property name="sun.jnu.encoding" value="UTF-8"/>
    <property name="java.library.path" value="/Users/robertoscarpati/Library/Java/Extensions:/Library/Java/Extensions:/Network/Library/Java/Extensions:/System/Library/Java/Extensions:/usr/lib/java:."/>
    <property name="maven.conf" value="/usr/local/Cellar/maven/3.8.4/libexec/conf"/>
    <property name="jdk.debug" value="release"/>
    <property name="java.class.version" value="61.0"/>
    <property name="java.specification.name" value="Java Platform API Specification"/>
    <property name="sun.management.compiler" value="HotSpot 64-Bit Tiered Compilers"/>
    <property name="os.version" value="11.6"/>
    <property name="library.jansi.path" value="/usr/local/Cellar/maven/3.8.4/libexec/lib/jansi-native"/>
    <property name="http.nonProxyHosts" value="local|*.local|169.254/16|*.169.254/16"/>
    <property name="user.home" value="/Users/robertoscarpati"/>
    <property name="user.timezone" value="Europe/Rome"/>
    <property name="file.encoding" value="UTF-8"/>
    <property name="java.specification.version" value="17"/>
    <property name="user.name" value="robertoscarpati"/>
    <property name="java.class.path" value="/usr/local/Cellar/maven/3.8.4/libexec/boot/plexus-classworlds-2.6.0.jar"/>
    <property name="java.vm.specification.version" value="17"/>
    <property name="sun.arch.data.model" value="64"/>
    <property name="sun.java.command" value="org.codehaus.plexus.classworlds.launcher.Launcher test"/>
    <property name="java.home" value="/usr/local/Cellar/openjdk/17.0.1_1/libexec/openjdk.jdk/Contents/Home"/>
    <property name="user.language" value="it"/>
    <property name="java.specification.vendor" value="Oracle Corporation"/>
    <property name="java.vm.info" value="mixed mode, sharing"/>
    <property name="java.version" value="17.0.1"/>
    <property name="native.encoding" value="UTF-8"/>
    <property name="java.vendor" value="Homebrew"/>
    <property name="sun.stderr.encoding" value="UTF-8"/>
    <property name="maven.home" value="/usr/local/Cellar/maven/3.8.4/libexec"/>
    <property name="file.separator" value="/"/>
    <property name="java.version.date" value="2021-10-19"/>
    <property name="java.vendor.url.bug" value="https://github.com/Homebrew/homebrew-core/issues"/>
    <property name="sun.io.unicode.encoding" value="UnicodeBig"/>
    <property name="sun.cpu.endian" value="little"/>
    <property name="java.vendor.version" value="Homebrew"/>
    <property name="sun.stdout.encoding" value="UTF-8"/>
    <property name="socksNonProxyHosts" value="local|*.local|169.254/16|*.169.254/16"/>
    <property name="ftp.nonProxyHosts" value="local|*.local|169.254/16|*.169.254/16"/>
  </properties>
  <testcase name="system_out_is_not_called" classname="project.arch.BestPracticesTest" time="0.026">
    <failure message="Architecture Violation [Priority: MEDIUM] - Rule &apos;no classes should access standard streams&apos; was violated (67 times):&#10;Constructor &lt;project.Database.ConnessioneDatabase.&lt;init&gt;()&gt; calls method &lt;java.lang.ClassNotFoundException.printStackTrace()&gt; in (ConnessioneDatabase.java:27)&#10;Constructor &lt;project.Database.ConnessioneDatabase.&lt;init&gt;()&gt; gets field &lt;java.lang.System.out&gt; in (ConnessioneDatabase.java:26)&#10;Constructor &lt;project.GUI.ControllaRisultatiQuiz.&lt;init&gt;(project.Controller.Controller, javax.swing.JFrame, java.lang.String, int)&gt; calls method &lt;java.lang.CloneNotSupportedException.printStackTrace()&gt; in (ControllaRisultatiQuiz.java:56)&#10;Constructor &lt;project.GUI.StudenteGUI.&lt;init&gt;(project.Controller.Controller, javax.swing.JFrame, java.lang.String)&gt; gets field &lt;java.lang.System.out&gt; in (StudenteGUI.java:213)&#10;Constructor &lt;project.GUI.StudenteGUI.&lt;init&gt;(project.Controller.Controller, javax.swing.JFrame, java.lang.String)&gt; gets field &lt;java.lang.System.out&gt; in (StudenteGUI.java:65)&#10;Constructor &lt;project.GUI.SvolgiQuiz.&lt;init&gt;(project.Controller.Controller, javax.swing.JFrame, java.lang.String, java.lang.String, int, java.lang.String)&gt; calls method &lt;java.lang.CloneNotSupportedException.printStackTrace()&gt; in (SvolgiQuiz.java:71)&#10;Constructor &lt;project.GUI.SvolgiQuiz.&lt;init&gt;(project.Controller.Controller, javax.swing.JFrame, java.lang.String, java.lang.String, int, java.lang.String)&gt; gets field &lt;java.lang.System.out&gt; in (SvolgiQuiz.java:239)&#10;Constructor &lt;project.GUI.ValutazioneRisposteAperteGUI.&lt;init&gt;(project.Controller.Controller, javax.swing.JFrame, java.lang.String, int)&gt; calls method &lt;java.lang.CloneNotSupportedException.printStackTrace()&gt; in (ValutazioneRisposteAperteGUI.java:58)&#10;Constructor &lt;project.GUI.ValutazioneRisposteAperteGUI.&lt;init&gt;(project.Controller.Controller, javax.swing.JFrame, java.lang.String, int)&gt; gets field &lt;java.lang.System.out&gt; in (ValutazioneRisposteAperteGUI.java:192)&#10;Constructor &lt;project.GUI.ValutazioneRisposteAperteGUI.&lt;init&gt;(project.Controller.Controller, javax.swing.JFrame, java.lang.String, int)&gt; gets field &lt;java.lang.System.out&gt; in (ValutazioneRisposteAperteGUI.java:206)&#10;Constructor &lt;project.ImplementazionePostgresDAO.RegisterDaoImplementazioneDAO.&lt;init&gt;()&gt; calls method &lt;java.sql.SQLException.printStackTrace()&gt; in (RegisterDaoImplementazioneDAO.java:24)&#10;Constructor &lt;project.ImplementazionePostgresDAO.RisultatoDaoImplementazionePostgres.&lt;init&gt;()&gt; calls method &lt;java.sql.SQLException.printStackTrace()&gt; in (RisultatoDaoImplementazionePostgres.java:33)&#10;Constructor &lt;project.ImplementazionePostgresDAO.TestDaoImplementazionePostgres.&lt;init&gt;()&gt; calls method &lt;java.sql.SQLException.printStackTrace()&gt; in (TestDaoImplementazionePostgres.java:31)&#10;Constructor &lt;project.ImplementazionePostgresDAO.UtenteImplementazioneDAO.&lt;init&gt;()&gt; calls method &lt;java.sql.SQLException.printStackTrace()&gt; in (UtenteImplementazioneDAO.java:25)&#10;Method &lt;project.Controller.Controller.Debug()&gt; gets field &lt;java.lang.System.out&gt; in (Controller.java:82)&#10;Method &lt;project.Controller.Controller.Debug()&gt; gets field &lt;java.lang.System.out&gt; in (Controller.java:85)&#10;Method &lt;project.Controller.Controller.Debug()&gt; gets field &lt;java.lang.System.out&gt; in (Controller.java:88)&#10;Method &lt;project.Controller.Controller.Debug()&gt; gets field &lt;java.lang.System.out&gt; in (Controller.java:90)&#10;Method &lt;project.Controller.Controller.aggiungiTest(java.lang.String, java.lang.String, int, int, int)&gt; gets field &lt;java.lang.System.out&gt; in (Controller.java:51)&#10;Method &lt;project.GUI.CreaQuizGui$1.caretUpdate(javax.swing.event.CaretEvent)&gt; gets field &lt;java.lang.System.out&gt; in (CreaQuizGui.java:193)&#10;Method &lt;project.GUI.CreaQuizGui$2.actionPerformed(java.awt.event.ActionEvent)&gt; gets field &lt;java.lang.System.out&gt; in (CreaQuizGui.java:269)&#10;Method &lt;project.GUI.CreaQuizGui$2.actionPerformed(java.awt.event.ActionEvent)&gt; gets field &lt;java.lang.System.out&gt; in (CreaQuizGui.java:296)&#10;Method &lt;project.GUI.Login$6.actionPerformed(java.awt.event.ActionEvent)&gt; gets field &lt;java.lang.System.out&gt; in (Login.java:279)&#10;Method &lt;project.GUI.Main$1.run()&gt; calls method &lt;java.lang.Exception.printStackTrace()&gt; in (Main.java:47)&#10;Method &lt;project.GUI.Main$1.run()&gt; gets field &lt;java.lang.System.out&gt; in (Main.java:41)&#10;Method &lt;project.GUI.PanelFormDomande$1$1.actionPerformed(java.awt.event.ActionEvent)&gt; gets field &lt;java.lang.System.out&gt; in (PanelFormDomande.java:130)&#10;Method &lt;project.GUI.PanelFormDomande$1.actionPerformed(java.awt.event.ActionEvent)&gt; gets field &lt;java.lang.System.out&gt; in (PanelFormDomande.java:146)&#10;Method &lt;project.GUI.PanelFormDomande$1.actionPerformed(java.awt.event.ActionEvent)&gt; gets field &lt;java.lang.System.out&gt; in (PanelFormDomande.java:153)&#10;Method &lt;project.GUI.PanelFormDomande$2$1.actionPerformed(java.awt.event.ActionEvent)&gt; gets field &lt;java.lang.System.out&gt; in (PanelFormDomande.java:198)&#10;Method &lt;project.GUI.PanelFormDomande$2$2.actionPerformed(java.awt.event.ActionEvent)&gt; gets field &lt;java.lang.System.out&gt; in (PanelFormDomande.java:235)&#10;Method &lt;project.GUI.PanelFormDomande$2.stateChanged(javax.swing.event.ChangeEvent)&gt; gets field &lt;java.lang.System.out&gt; in (PanelFormDomande.java:173)&#10;Method &lt;project.GUI.PanelFormDomande$2.stateChanged(javax.swing.event.ChangeEvent)&gt; gets field &lt;java.lang.System.out&gt; in (PanelFormDomande.java:175)&#10;Method &lt;project.GUI.PanelFormDomande$2.stateChanged(javax.swing.event.ChangeEvent)&gt; gets field &lt;java.lang.System.out&gt; in (PanelFormDomande.java:218)&#10;Method &lt;project.GUI.PanelFormDomande$2.stateChanged(javax.swing.event.ChangeEvent)&gt; gets field &lt;java.lang.System.out&gt; in (PanelFormDomande.java:219)&#10;Method &lt;project.ImplementazionePostgresDAO.RegisterDaoImplementazioneDAO.AggiungiUtente(java.lang.String, java.lang.String, java.lang.String, java.lang.String, java.lang.String, java.lang.String, java.lang.String, java.lang.String, java.lang.String, int, int, int)&gt; calls method &lt;java.sql.SQLException.printStackTrace()&gt; in (RegisterDaoImplementazioneDAO.java:110)&#10;Method &lt;project.ImplementazionePostgresDAO.RegisterDaoImplementazioneDAO.AggiungiUtente(java.lang.String, java.lang.String, java.lang.String, java.lang.String, java.lang.String, java.lang.String, java.lang.String, java.lang.String, java.lang.String, int, int, int)&gt; calls method &lt;java.sql.SQLException.printStackTrace()&gt; in (RegisterDaoImplementazioneDAO.java:149)&#10;Method &lt;project.ImplementazionePostgresDAO.RegisterDaoImplementazioneDAO.RecuperaCdL([Ljava.lang.String;)&gt; calls method &lt;java.sql.SQLException.printStackTrace()&gt; in (RegisterDaoImplementazioneDAO.java:63)&#10;Method &lt;project.ImplementazionePostgresDAO.RegisterDaoImplementazioneDAO.RecuperaDiparmenti([Ljava.lang.String;)&gt; calls method &lt;java.sql.SQLException.printStackTrace()&gt; in (RegisterDaoImplementazioneDAO.java:44)&#10;Method &lt;project.ImplementazionePostgresDAO.RisultatoDaoImplementazionePostgres.AggiungiRisultatoTest(java.lang.String, java.lang.String, java.lang.String)&gt; calls method &lt;java.sql.SQLException.printStackTrace()&gt; in (RisultatoDaoImplementazionePostgres.java:140)&#10;Method &lt;project.ImplementazionePostgresDAO.RisultatoDaoImplementazionePostgres.AggiungiValutazionePrePost(java.lang.String, java.lang.String, java.lang.String, java.lang.String, java.lang.String, java.lang.String, java.lang.String, int)&gt; calls method &lt;java.sql.SQLException.printStackTrace()&gt; in (RisultatoDaoImplementazionePostgres.java:101)&#10;Method &lt;project.ImplementazionePostgresDAO.RisultatoDaoImplementazionePostgres.AggiungiValutazionePrePost(java.lang.String, java.lang.String, java.lang.String, java.lang.String, java.lang.String, java.lang.String, java.lang.String, int)&gt; calls method &lt;java.sql.SQLException.printStackTrace()&gt; in (RisultatoDaoImplementazionePostgres.java:69)&#10;Method &lt;project.ImplementazionePostgresDAO.RisultatoDaoImplementazionePostgres.AggiungiValutazionePrePost(java.lang.String, java.lang.String, java.lang.String, java.lang.String, java.lang.String, java.lang.String, java.lang.String, int)&gt; gets field &lt;java.lang.System.out&gt; in (RisultatoDaoImplementazionePostgres.java:90)&#10;Method &lt;project.ImplementazionePostgresDAO.RisultatoDaoImplementazionePostgres.CountRisultato(java.lang.String)&gt; calls method &lt;java.sql.SQLException.printStackTrace()&gt; in (RisultatoDaoImplementazionePostgres.java:168)&#10;Method &lt;project.ImplementazionePostgresDAO.RisultatoDaoImplementazionePostgres.CountRisultato(java.lang.String)&gt; gets field &lt;java.lang.System.out&gt; in (RisultatoDaoImplementazionePostgres.java:159)&#10;Method &lt;project.ImplementazionePostgresDAO.RisultatoDaoImplementazionePostgres.CountValutazioneAperte(java.lang.String)&gt; calls method &lt;java.sql.SQLException.printStackTrace()&gt; in (RisultatoDaoImplementazionePostgres.java:293)&#10;Method &lt;project.ImplementazionePostgresDAO.RisultatoDaoImplementazionePostgres.CountValutazioneAperte(java.lang.String)&gt; gets field &lt;java.lang.System.out&gt; in (RisultatoDaoImplementazionePostgres.java:281)&#10;Method &lt;project.ImplementazionePostgresDAO.RisultatoDaoImplementazionePostgres.RecuperaStudeteStartMatricola(java.lang.String)&gt; calls method &lt;java.sql.SQLException.printStackTrace()&gt; in (RisultatoDaoImplementazionePostgres.java:355)&#10;Method &lt;project.ImplementazionePostgresDAO.RisultatoDaoImplementazionePostgres.RecuperaValutazioniDaDB(project.Model.Utente)&gt; calls method &lt;java.sql.SQLException.printStackTrace()&gt; in (RisultatoDaoImplementazionePostgres.java:323)&#10;Method &lt;project.ImplementazionePostgresDAO.RisultatoDaoImplementazionePostgres.ResulDaDb(project.Model.Utente)&gt; calls method &lt;java.sql.SQLException.printStackTrace()&gt; in (RisultatoDaoImplementazionePostgres.java:233)&#10;Method &lt;project.ImplementazionePostgresDAO.RisultatoDaoImplementazionePostgres.ResultDaDBAperta(project.Model.Utente)&gt; calls method &lt;java.sql.SQLException.printStackTrace()&gt; in (RisultatoDaoImplementazionePostgres.java:267)&#10;Method &lt;project.ImplementazionePostgresDAO.RisultatoDaoImplementazionePostgres.RisultatoNome(int)&gt; calls method &lt;java.sql.SQLException.printStackTrace()&gt; in (RisultatoDaoImplementazionePostgres.java:253)&#10;Method &lt;project.ImplementazionePostgresDAO.RisultatoDaoImplementazionePostgres.UpdateRisultatoDao(int, int)&gt; calls method &lt;java.sql.SQLException.printStackTrace()&gt; in (RisultatoDaoImplementazionePostgres.java:338)&#10;Method &lt;project.ImplementazionePostgresDAO.TestDaoImplementazionePostgres.AggiugiTestAlDB(java.lang.String, java.lang.String, int, int, int)&gt; calls method &lt;java.sql.SQLException.printStackTrace()&gt; in (TestDaoImplementazionePostgres.java:176)&#10;Method &lt;project.ImplementazionePostgresDAO.TestDaoImplementazionePostgres.AggiungiQuiz(java.lang.String, java.lang.String, java.lang.String, int, int)&gt; calls method &lt;java.sql.SQLException.printStackTrace()&gt; in (TestDaoImplementazionePostgres.java:206)&#10;Method &lt;project.ImplementazionePostgresDAO.TestDaoImplementazionePostgres.AggiungiRisposta(java.lang.String, java.lang.String)&gt; calls method &lt;java.sql.SQLException.printStackTrace()&gt; in (TestDaoImplementazionePostgres.java:225)&#10;Method &lt;project.ImplementazionePostgresDAO.TestDaoImplementazionePostgres.AggiungiRisposta(java.lang.String, java.lang.String)&gt; gets field &lt;java.lang.System.out&gt; in (TestDaoImplementazionePostgres.java:219)&#10;Method &lt;project.ImplementazionePostgresDAO.TestDaoImplementazionePostgres.CreaUtenti(java.util.ArrayList)&gt; calls method &lt;java.sql.SQLException.printStackTrace()&gt; in (TestDaoImplementazionePostgres.java:156)&#10;Method &lt;project.ImplementazionePostgresDAO.UtenteImplementazioneDAO.VedeSePresente(java.lang.String)&gt; calls method &lt;java.sql.SQLException.printStackTrace()&gt; in (UtenteImplementazioneDAO.java:77)&#10;Method &lt;project.ImplementazionePostgresDAO.UtenteImplementazioneDAO.controllaDao(java.lang.String, java.lang.String)&gt; calls method &lt;java.sql.SQLException.printStackTrace()&gt; in (UtenteImplementazioneDAO.java:57)&#10;Method &lt;project.ImplementazionePostgresDAO.UtenteImplementazioneDAO.controllaDao(java.lang.String, java.lang.String)&gt; gets field &lt;java.lang.System.out&gt; in (UtenteImplementazioneDAO.java:39)&#10;Method &lt;project.ImplementazionePostgresDAO.UtenteImplementazioneDAO.creaNuovoUtente(java.lang.String, java.lang.String)&gt; calls method &lt;java.sql.SQLException.printStackTrace()&gt; in (UtenteImplementazioneDAO.java:108)&#10;Method &lt;project.arch.MetricsRunner.lambda$main$0(com.tngtech.archunit.library.metrics.ComponentDependencyMetrics, com.tngtech.archunit.library.metrics.MetricsComponent)&gt; gets field &lt;java.lang.System.out&gt; in (MetricsRunner.java:24)&#10;Method &lt;project.arch.MetricsRunner.lambda$main$0(com.tngtech.archunit.library.metrics.ComponentDependencyMetrics, com.tngtech.archunit.library.metrics.MetricsComponent)&gt; gets field &lt;java.lang.System.out&gt; in (MetricsRunner.java:25)&#10;Method &lt;project.arch.MetricsRunner.lambda$main$0(com.tngtech.archunit.library.metrics.ComponentDependencyMetrics, com.tngtech.archunit.library.metrics.MetricsComponent)&gt; gets field &lt;java.lang.System.out&gt; in (MetricsRunner.java:26)&#10;Method &lt;project.arch.MetricsRunner.lambda$main$0(com.tngtech.archunit.library.metrics.ComponentDependencyMetrics, com.tngtech.archunit.library.metrics.MetricsComponent)&gt; gets field &lt;java.lang.System.out&gt; in (MetricsRunner.java:27)&#10;Method &lt;project.arch.MetricsRunner.lambda$main$0(com.tngtech.archunit.library.metrics.ComponentDependencyMetrics, com.tngtech.archunit.library.metrics.MetricsComponent)&gt; gets field &lt;java.lang.System.out&gt; in (MetricsRunner.java:28)&#10;Method &lt;project.arch.MetricsRunner.lambda$main$0(com.tngtech.archunit.library.metrics.ComponentDependencyMetrics, com.tngtech.archunit.library.metrics.MetricsComponent)&gt; gets field &lt;java.lang.System.out&gt; in (MetricsRunner.java:29)" type="java.lang.AssertionError"><![CDATA[java.lang.AssertionError: Architecture Violation [Priority: MEDIUM] - Rule 'no classes should access standard streams' was violated (67 times):
Constructor <project.Database.ConnessioneDatabase.<init>()> calls method <java.lang.ClassNotFoundException.printStackTrace()> in (ConnessioneDatabase.java:27)
Constructor <project.Database.ConnessioneDatabase.<init>()> gets field <java.lang.System.out> in (ConnessioneDatabase.java:26)
Constructor <project.GUI.ControllaRisultatiQuiz.<init>(project.Controller.Controller, javax.swing.JFrame, java.lang.String, int)> calls method <java.lang.CloneNotSupportedException.printStackTrace()> in (ControllaRisultatiQuiz.java:56)
Constructor <project.GUI.StudenteGUI.<init>(project.Controller.Controller, javax.swing.JFrame, java.lang.String)> gets field <java.lang.System.out> in (StudenteGUI.java:213)
Constructor <project.GUI.StudenteGUI.<init>(project.Controller.Controller, javax.swing.JFrame, java.lang.String)> gets field <java.lang.System.out> in (StudenteGUI.java:65)
Constructor <project.GUI.SvolgiQuiz.<init>(project.Controller.Controller, javax.swing.JFrame, java.lang.String, java.lang.String, int, java.lang.String)> calls method <java.lang.CloneNotSupportedException.printStackTrace()> in (SvolgiQuiz.java:71)
Constructor <project.GUI.SvolgiQuiz.<init>(project.Controller.Controller, javax.swing.JFrame, java.lang.String, java.lang.String, int, java.lang.String)> gets field <java.lang.System.out> in (SvolgiQuiz.java:239)
Constructor <project.GUI.ValutazioneRisposteAperteGUI.<init>(project.Controller.Controller, javax.swing.JFrame, java.lang.String, int)> calls method <java.lang.CloneNotSupportedException.printStackTrace()> in (ValutazioneRisposteAperteGUI.java:58)
Constructor <project.GUI.ValutazioneRisposteAperteGUI.<init>(project.Controller.Controller, javax.swing.JFrame, java.lang.String, int)> gets field <java.lang.System.out> in (ValutazioneRisposteAperteGUI.java:192)
Constructor <project.GUI.ValutazioneRisposteAperteGUI.<init>(project.Controller.Controller, javax.swing.JFrame, java.lang.String, int)> gets field <java.lang.System.out> in (ValutazioneRisposteAperteGUI.java:206)
Constructor <project.ImplementazionePostgresDAO.RegisterDaoImplementazioneDAO.<init>()> calls method <java.sql.SQLException.printStackTrace()> in (RegisterDaoImplementazioneDAO.java:24)
Constructor <project.ImplementazionePostgresDAO.RisultatoDaoImplementazionePostgres.<init>()> calls method <java.sql.SQLException.printStackTrace()> in (RisultatoDaoImplementazionePostgres.java:33)
Constructor <project.ImplementazionePostgresDAO.TestDaoImplementazionePostgres.<init>()> calls method <java.sql.SQLException.printStackTrace()> in (TestDaoImplementazionePostgres.java:31)
Constructor <project.ImplementazionePostgresDAO.UtenteImplementazioneDAO.<init>()> calls method <java.sql.SQLException.printStackTrace()> in (UtenteImplementazioneDAO.java:25)
Method <project.Controller.Controller.Debug()> gets field <java.lang.System.out> in (Controller.java:82)
Method <project.Controller.Controller.Debug()> gets field <java.lang.System.out> in (Controller.java:85)
Method <project.Controller.Controller.Debug()> gets field <java.lang.System.out> in (Controller.java:88)
Method <project.Controller.Controller.Debug()> gets field <java.lang.System.out> in (Controller.java:90)
Method <project.Controller.Controller.aggiungiTest(java.lang.String, java.lang.String, int, int, int)> gets field <java.lang.System.out> in (Controller.java:51)
Method <project.GUI.CreaQuizGui$1.caretUpdate(javax.swing.event.CaretEvent)> gets field <java.lang.System.out> in (CreaQuizGui.java:193)
Method <project.GUI.CreaQuizGui$2.actionPerformed(java.awt.event.ActionEvent)> gets field <java.lang.System.out> in (CreaQuizGui.java:269)
Method <project.GUI.CreaQuizGui$2.actionPerformed(java.awt.event.ActionEvent)> gets field <java.lang.System.out> in (CreaQuizGui.java:296)
Method <project.GUI.Login$6.actionPerformed(java.awt.event.ActionEvent)> gets field <java.lang.System.out> in (Login.java:279)
Method <project.GUI.Main$1.run()> calls method <java.lang.Exception.printStackTrace()> in (Main.java:47)
Method <project.GUI.Main$1.run()> gets field <java.lang.System.out> in (Main.java:41)
Method <project.GUI.PanelFormDomande$1$1.actionPerformed(java.awt.event.ActionEvent)> gets field <java.lang.System.out> in (PanelFormDomande.java:130)
Method <project.GUI.PanelFormDomande$1.actionPerformed(java.awt.event.ActionEvent)> gets field <java.lang.System.out> in (PanelFormDomande.java:146)
Method <project.GUI.PanelFormDomande$1.actionPerformed(java.awt.event.ActionEvent)> gets field <java.lang.System.out> in (PanelFormDomande.java:153)
Method <project.GUI.PanelFormDomande$2$1.actionPerformed(java.awt.event.ActionEvent)> gets field <java.lang.System.out> in (PanelFormDomande.java:198)
Method <project.GUI.PanelFormDomande$2$2.actionPerformed(java.awt.event.ActionEvent)> gets field <java.lang.System.out> in (PanelFormDomande.java:235)
Method <project.GUI.PanelFormDomande$2.stateChanged(javax.swing.event.ChangeEvent)> gets field <java.lang.System.out> in (PanelFormDomande.java:173)
Method <project.GUI.PanelFormDomande$2.stateChanged(javax.swing.event.ChangeEvent)> gets field <java.lang.System.out> in (PanelFormDomande.java:175)
Method <project.GUI.PanelFormDomande$2.stateChanged(javax.swing.event.ChangeEvent)> gets field <java.lang.System.out> in (PanelFormDomande.java:218)
Method <project.GUI.PanelFormDomande$2.stateChanged(javax.swing.event.ChangeEvent)> gets field <java.lang.System.out> in (PanelFormDomande.java:219)
Method <project.ImplementazionePostgresDAO.RegisterDaoImplementazioneDAO.AggiungiUtente(java.lang.String, java.lang.String, java.lang.String, java.lang.String, java.lang.String, java.lang.String, java.lang.String, java.lang.String, java.lang.String, int, int, int)> calls method <java.sql.SQLException.printStackTrace()> in (RegisterDaoImplementazioneDAO.java:110)
Method <project.ImplementazionePostgresDAO.RegisterDaoImplementazioneDAO.AggiungiUtente(java.lang.String, java.lang.String, java.lang.String, java.lang.String, java.lang.String, java.lang.String, java.lang.String, java.lang.String, java.lang.String, int, int, int)> calls method <java.sql.SQLException.printStackTrace()> in (RegisterDaoImplementazioneDAO.java:149)
Method <project.ImplementazionePostgresDAO.RegisterDaoImplementazioneDAO.RecuperaCdL([Ljava.lang.String;)> calls method <java.sql.SQLException.printStackTrace()> in (RegisterDaoImplementazioneDAO.java:63)
Method <project.ImplementazionePostgresDAO.RegisterDaoImplementazioneDAO.RecuperaDiparmenti([Ljava.lang.String;)> calls method <java.sql.SQLException.printStackTrace()> in (RegisterDaoImplementazioneDAO.java:44)
Method <project.ImplementazionePostgresDAO.RisultatoDaoImplementazionePostgres.AggiungiRisultatoTest(java.lang.String, java.lang.String, java.lang.String)> calls method <java.sql.SQLException.printStackTrace()> in (RisultatoDaoImplementazionePostgres.java:140)
Method <project.ImplementazionePostgresDAO.RisultatoDaoImplementazionePostgres.AggiungiValutazionePrePost(java.lang.String, java.lang.String, java.lang.String, java.lang.String, java.lang.String, java.lang.String, java.lang.String, int)> calls method <java.sql.SQLException.printStackTrace()> in (RisultatoDaoImplementazionePostgres.java:101)
Method <project.ImplementazionePostgresDAO.RisultatoDaoImplementazionePostgres.AggiungiValutazionePrePost(java.lang.String, java.lang.String, java.lang.String, java.lang.String, java.lang.String, java.lang.String, java.lang.String, int)> calls method <java.sql.SQLException.printStackTrace()> in (RisultatoDaoImplementazionePostgres.java:69)
Method <project.ImplementazionePostgresDAO.RisultatoDaoImplementazionePostgres.AggiungiValutazionePrePost(java.lang.String, java.lang.String, java.lang.String, java.lang.String, java.lang.String, java.lang.String, java.lang.String, int)> gets field <java.lang.System.out> in (RisultatoDaoImplementazionePostgres.java:90)
Method <project.ImplementazionePostgresDAO.RisultatoDaoImplementazionePostgres.CountRisultato(java.lang.String)> calls method <java.sql.SQLException.printStackTrace()> in (RisultatoDaoImplementazionePostgres.java:168)
Method <project.ImplementazionePostgresDAO.RisultatoDaoImplementazionePostgres.CountRisultato(java.lang.String)> gets field <java.lang.System.out> in (RisultatoDaoImplementazionePostgres.java:159)
Method <project.ImplementazionePostgresDAO.RisultatoDaoImplementazionePostgres.CountValutazioneAperte(java.lang.String)> calls method <java.sql.SQLException.printStackTrace()> in (RisultatoDaoImplementazionePostgres.java:293)
Method <project.ImplementazionePostgresDAO.RisultatoDaoImplementazionePostgres.CountValutazioneAperte(java.lang.String)> gets field <java.lang.System.out> in (RisultatoDaoImplementazionePostgres.java:281)
Method <project.ImplementazionePostgresDAO.RisultatoDaoImplementazionePostgres.RecuperaStudeteStartMatricola(java.lang.String)> calls method <java.sql.SQLException.printStackTrace()> in (RisultatoDaoImplementazionePostgres.java:355)
Method <project.ImplementazionePostgresDAO.RisultatoDaoImplementazionePostgres.RecuperaValutazioniDaDB(project.Model.Utente)> calls method <java.sql.SQLException.printStackTrace()> in (RisultatoDaoImplementazionePostgres.java:323)
Method <project.ImplementazionePostgresDAO.RisultatoDaoImplementazionePostgres.ResulDaDb(project.Model.Utente)> calls method <java.sql.SQLException.printStackTrace()> in (RisultatoDaoImplementazionePostgres.java:233)
Method <project.ImplementazionePostgresDAO.RisultatoDaoImplementazionePostgres.ResultDaDBAperta(project.Model.Utente)> calls method <java.sql.SQLException.printStackTrace()> in (RisultatoDaoImplementazionePostgres.java:267)
Method <project.ImplementazionePostgresDAO.RisultatoDaoImplementazionePostgres.RisultatoNome(int)> calls method <java.sql.SQLException.printStackTrace()> in (RisultatoDaoImplementazionePostgres.java:253)
Method <project.ImplementazionePostgresDAO.RisultatoDaoImplementazionePostgres.UpdateRisultatoDao(int, int)> calls method <java.sql.SQLException.printStackTrace()> in (RisultatoDaoImplementazionePostgres.java:338)
Method <project.ImplementazionePostgresDAO.TestDaoImplementazionePostgres.AggiugiTestAlDB(java.lang.String, java.lang.String, int, int, int)> calls method <java.sql.SQLException.printStackTrace()> in (TestDaoImplementazionePostgres.java:176)
Method <project.ImplementazionePostgresDAO.TestDaoImplementazionePostgres.AggiungiQuiz(java.lang.String, java.lang.String, java.lang.String, int, int)> calls method <java.sql.SQLException.printStackTrace()> in (TestDaoImplementazionePostgres.java:206)
Method <project.ImplementazionePostgresDAO.TestDaoImplementazionePostgres.AggiungiRisposta(java.lang.String, java.lang.String)> calls method <java.sql.SQLException.printStackTrace()> in (TestDaoImplementazionePostgres.java:225)
Method <project.ImplementazionePostgresDAO.TestDaoImplementazionePostgres.AggiungiRisposta(java.lang.String, java.lang.String)> gets field <java.lang.System.out> in (TestDaoImplementazionePostgres.java:219)
Method <project.ImplementazionePostgresDAO.TestDaoImplementazionePostgres.CreaUtenti(java.util.ArrayList)> calls method <java.sql.SQLException.printStackTrace()> in (TestDaoImplementazionePostgres.java:156)
Method <project.ImplementazionePostgresDAO.UtenteImplementazioneDAO.VedeSePresente(java.lang.String)> calls method <java.sql.SQLException.printStackTrace()> in (UtenteImplementazioneDAO.java:77)
Method <project.ImplementazionePostgresDAO.UtenteImplementazioneDAO.controllaDao(java.lang.String, java.lang.String)> calls method <java.sql.SQLException.printStackTrace()> in (UtenteImplementazioneDAO.java:57)
Method <project.ImplementazionePostgresDAO.UtenteImplementazioneDAO.controllaDao(java.lang.String, java.lang.String)> gets field <java.lang.System.out> in (UtenteImplementazioneDAO.java:39)
Method <project.ImplementazionePostgresDAO.UtenteImplementazioneDAO.creaNuovoUtente(java.lang.String, java.lang.String)> calls method <java.sql.SQLException.printStackTrace()> in (UtenteImplementazioneDAO.java:108)
Method <project.arch.MetricsRunner.lambda$main$0(com.tngtech.archunit.library.metrics.ComponentDependencyMetrics, com.tngtech.archunit.library.metrics.MetricsComponent)> gets field <java.lang.System.out> in (MetricsRunner.java:24)
Method <project.arch.MetricsRunner.lambda$main$0(com.tngtech.archunit.library.metrics.ComponentDependencyMetrics, com.tngtech.archunit.library.metrics.MetricsComponent)> gets field <java.lang.System.out> in (MetricsRunner.java:25)
Method <project.arch.MetricsRunner.lambda$main$0(com.tngtech.archunit.library.metrics.ComponentDependencyMetrics, com.tngtech.archunit.library.metrics.MetricsComponent)> gets field <java.lang.System.out> in (MetricsRunner.java:26)
Method <project.arch.MetricsRunner.lambda$main$0(com.tngtech.archunit.library.metrics.ComponentDependencyMetrics, com.tngtech.archunit.library.metrics.MetricsComponent)> gets field <java.lang.System.out> in (MetricsRunner.java:27)
Method <project.arch.MetricsRunner.lambda$main$0(com.tngtech.archunit.library.metrics.ComponentDependencyMetrics, com.tngtech.archunit.library.metrics.MetricsComponent)> gets field <java.lang.System.out> in (MetricsRunner.java:28)
Method <project.arch.MetricsRunner.lambda$main$0(com.tngtech.archunit.library.metrics.ComponentDependencyMetrics, com.tngtech.archunit.library.metrics.MetricsComponent)> gets field <java.lang.System.out> in (MetricsRunner.java:29)
	at com.tngtech.archunit.lang.ArchRule$Assertions.assertNoViolation(ArchRule.java:94)
	at com.tngtech.archunit.lang.ArchRule$Assertions.check(ArchRule.java:82)
	at com.tngtech.archunit.lang.ArchRule$Factory$SimpleArchRule.check(ArchRule.java:198)
	at com.tngtech.archunit.lang.syntax.ObjectsShouldInternal.check(ObjectsShouldInternal.java:81)
	at com.tngtech.archunit.junit.ArchRuleExecution.evaluateOn(ArchRuleExecution.java:43)
	at com.tngtech.archunit.junit.ArchUnitRunner.runChild(ArchUnitRunner.java:154)
	at com.tngtech.archunit.junit.ArchUnitRunner.runChild(ArchUnitRunner.java:63)
	at org.junit.runners.ParentRunner$3.run(ParentRunner.java:238)
	at org.junit.runners.ParentRunner$1.schedule(ParentRunner.java:63)
	at org.junit.runners.ParentRunner.runChildren(ParentRunner.java:236)
	at org.junit.runners.ParentRunner.access$000(ParentRunner.java:53)
	at org.junit.runners.ParentRunner$2.evaluate(ParentRunner.java:229)
	at com.tngtech.archunit.junit.ArchUnitRunner$1.evaluate(ArchUnitRunner.java:88)
	at org.junit.runners.ParentRunner.run(ParentRunner.java:309)
	at org.apache.maven.surefire.junit4.JUnit4Provider.execute(JUnit4Provider.java:283)
	at org.apache.maven.surefire.junit4.JUnit4Provider.executeWithRerun(JUnit4Provider.java:173)
	at org.apache.maven.surefire.junit4.JUnit4Provider.executeTestSet(JUnit4Provider.java:153)
	at org.apache.maven.surefire.junit4.JUnit4Provider.invoke(JUnit4Provider.java:128)
	at org.apache.maven.surefire.booter.ForkedBooter.invokeProviderInSameClassLoader(ForkedBooter.java:203)
	at org.apache.maven.surefire.booter.ForkedBooter.runSuitesInProcess(ForkedBooter.java:155)
	at org.apache.maven.surefire.booter.ForkedBooter.main(ForkedBooter.java:103)
]]></failure>
  </testcase>
  <testcase name="generic_exception_are_not_thrown" classname="project.arch.BestPracticesTest" time="0.014"/>
  <testcase name="java_util_logging_is_not_used" classname="project.arch.BestPracticesTest" time="0.003"/>
  <testcase name="field_injection_is_not_used" classname="project.arch.BestPracticesTest" time="0.008"/>
</testsuite>